C:\Program Files (x86)\Microsoft Visual Studio\2017\Community\Common7\IDE\VC\VCTargets\Microsoft.CppBuild.targets(376,5): warning MSB8004: Intermediate Directory does not end with a trailing slash.  This build instance will add the slash as it is required to allow proper evaluation of the Intermediate Directory.
C:\Program Files (x86)\Microsoft Visual Studio\2017\Community\Common7\IDE\VC\VCTargets\Microsoft.CppBuild.targets(377,5): warning MSB8004: Output Directory does not end with a trailing slash.  This build instance will add the slash as it is required to allow proper evaluation of the Output Directory.
C:\Program Files (x86)\Microsoft Visual Studio\2017\Community\Common7\IDE\VC\VCTargets\Microsoft.CppBuild.targets(391,5): warning MSB8028: The intermediate directory (E:\Projects\KrazyEngine\Build\x64\Debug\Intermediate\) contains files shared from another project (SandBox.vcxproj).  This can lead to incorrect clean and rebuild behavior.
  Application.cpp
e:\projects\krazyengine\krazycore\src\subsystems\renderer\models\cube.hpp(66): warning C4267: 'argument': conversion from 'size_t' to 'const _Ty', possible loss of data
          with
          [
              _Ty=u32
          ]
c:\program files (x86)\windows kits\10\include\10.0.19041.0\shared\minwindef.h(130): warning C4005: 'APIENTRY': macro redefinition
  e:\projects\krazyengine\krazycore\vendor\gald\include\glad\glad.h(32): note: see previous definition of 'APIENTRY'
e:\projects\krazyengine\krazycore\src\core\application.cpp(132): warning C4267: 'argument': conversion from 'size_t' to 'int', possible loss of data
e:\projects\krazyengine\krazycore\src\core\application.cpp(133): warning C4267: 'argument': conversion from 'size_t' to 'int', possible loss of data
e:\projects\krazyengine\krazycore\src\subsystems\renderer\models\model_list.hpp(80): warning C4267: 'initializing': conversion from 'size_t' to 'int', possible loss of data
  e:\projects\krazyengine\krazycore\src\subsystems\renderer\models\model_list.hpp(51): note: while compiling class template member function 'void model_list<sphere>::render(const std::shared_ptr<shader> &,bool)'
  e:\projects\krazyengine\krazycore\src\core\application.cpp(100): note: see reference to function template instantiation 'void model_list<sphere>::render(const std::shared_ptr<shader> &,bool)' being compiled
  e:\projects\krazyengine\krazycore\src\subsystems\renderer\models\sphere.hpp(19): note: see reference to class template instantiation 'model_list<sphere>' being compiled
e:\projects\krazyengine\krazycore\src\subsystems\renderer\models\model_list.hpp(83): warning C4267: 'argument': conversion from 'size_t' to 'GLsizei', possible loss of data
e:\projects\krazyengine\krazycore\src\subsystems\renderer\models\model_list.hpp(28): warning C4267: 'initializing': conversion from 'size_t' to 'int', possible loss of data
  e:\projects\krazyengine\krazycore\src\subsystems\renderer\models\model_list.hpp(15): note: while compiling class template member function 'void model_list<lamp>::init(void)'
  e:\projects\krazyengine\krazycore\src\subsystems\renderer\models\lamp.hpp(51): note: see reference to function template instantiation 'void model_list<lamp>::init(void)' being compiled
  KrazyCore.vcxproj -> E:\Projects\KrazyEngine\Build\x64\Debug\Bin\KrazyCore.exe
